Arguments: 
  /usr/local/bin/node /usr/share/yarn/bin/yarn.js add vue-template-compiler --dev --production=false

PATH: 
  /usr/local/lib/node_modules/npm/node_modules/npm-lifecycle/node-gyp-bin:/home/frank/Documents/project/Work/oddstacker/node_modules/.bin:/usr/local/lib/node_modules/npm/node_modules/npm-lifecycle/node-gyp-bin:/home/frank/Documents/project/Work/oddstacker/node_modules/.bin:/home/frank/.wasmer/bin:/usr/local/sbin:/usr/local/bin:/usr/sbin:/usr/bin:/sbin:/bin:/usr/games:/usr/local/games:/snap/bin:/usr/lib/jvm/java-8-oracle/bin:/usr/lib/jvm/java-8-oracle/db/bin:/usr/lib/jvm/java-8-oracle/jre/bin

Yarn version: 
  1.12.3

Node version: 
  10.10.0

Platform: 
  linux x64

Trace: 
  Error: EACCES: permission denied, mkdir '/home/frank/Documents/project/Work/oddstacker/node_modules/@babel/core/node_modules/source-map'

npm manifest: 
  {
      "private": true,
      "scripts": {
          "dev": "npm run development",
          "development": "cross-env NODE_ENV=development node_modules/webpack/bin/webpack.js --progress --hide-modules --config=node_modules/laravel-mix/setup/webpack.config.js",
          "watch": "npm run development -- --watch",
          "watch-poll": "npm run watch -- --watch-poll",
          "hot": "cross-env NODE_ENV=development node_modules/webpack-dev-server/bin/webpack-dev-server.js --inline --hot --config=node_modules/laravel-mix/setup/webpack.config.js",
          "prod": "npm run production",
          "production": "cross-env NODE_ENV=production node_modules/webpack/bin/webpack.js --no-progress --hide-modules --config=node_modules/laravel-mix/setup/webpack.config.js"
      },
      "devDependencies": {
          "axios": "^0.18",
          "bootstrap": "^4.3.1",
          "cross-env": "^5.2",
          "jquery": "^3.4",
          "laravel-mix": "^4.0",
          "lodash": "^4.17.11",
          "popper.js": "^1.15",
          "vue": "^2.6.10"
      },
      "dependencies": {
          "vue-router": "^3.0.6"
      }
  }

yarn manifest: 
  No manifest

Lockfile: 
  No lockfile
